c:\users\nasse\source\repos\visuallinkerscript\src\debug\components\inputdialogs\qlabelassistedinput.obj
c:\users\nasse\source\repos\visuallinkerscript\src\debug\components\inputdialogs\qjumptolinedialog.obj
c:\users\nasse\source\repos\visuallinkerscript\src\debug\components\inputdialogs\qlistassistedinput.obj
c:\users\nasse\source\repos\visuallinkerscript\src\debug\vc143.pdb
c:\users\nasse\source\repos\visuallinkerscript\src\debug\components\memoryvisualizer\composition\coverlaystatement.obj
c:\users\nasse\source\repos\visuallinkerscript\src\debug\components\memoryvisualizer\composition\cprogramheaderbutton.obj
c:\users\nasse\source\repos\visuallinkerscript\src\debug\components\memoryvisualizer\composition\slinef.obj
c:\users\nasse\source\repos\visuallinkerscript\src\debug\components\memoryvisualizer\composition\cfillexpressionbutton.obj
c:\users\nasse\source\repos\visuallinkerscript\src\debug\components\memoryvisualizer\composition\cfloorplan.obj
c:\users\nasse\source\repos\visuallinkerscript\src\debug\components\memoryvisualizer\composition\coverlaysectionoutput.obj
c:\users\nasse\source\repos\visuallinkerscript\src\debug\components\memoryvisualizer\composition\csectionstatement.obj
c:\users\nasse\source\repos\visuallinkerscript\src\debug\components\memoryvisualizer\composition\ctooltip.obj
c:\users\nasse\source\repos\visuallinkerscript\src\debug\components\memoryvisualizer\composition\cmemoryregionblock.obj
c:\users\nasse\source\repos\visuallinkerscript\src\debug\components\memoryvisualizer\composition\coverlaysectionstatement.obj
c:\users\nasse\source\repos\visuallinkerscript\src\debug\components\memoryvisualizer\composition\caddressedregion.obj
c:\users\nasse\source\repos\visuallinkerscript\src\debug\components\memoryvisualizer\composition\csectionoutput.obj
c:\users\nasse\source\repos\visuallinkerscript\src\debug\components\memoryvisualizer\qmemorylayoutrender.obj
c:\users\nasse\source\repos\visuallinkerscript\src\debug\components\memoryvisualizer\qmemoryvisualizer.obj
c:\users\nasse\source\repos\visuallinkerscript\src\debug\components\memoryvisualizer\cmodeltranslator.obj
c:\users\nasse\source\repos\visuallinkerscript\src\debug\components\qlinkerscriptsession\autostyling\cautostyler.obj
c:\users\nasse\source\repos\visuallinkerscript\src\debug\components\qlinkerscriptsession\editoraction\seditorsetlinecontent.obj
c:\users\nasse\source\repos\visuallinkerscript\src\debug\components\qlinkerscriptsession\editoraction\seditorremoveline.obj
c:\users\nasse\source\repos\visuallinkerscript\src\debug\components\qlinkerscriptsession\editoraction\seditorselecttext.obj
c:\users\nasse\source\repos\visuallinkerscript\src\debug\components\qlinkerscriptsession\editoraction\seditorreplacecontent.obj
c:\users\nasse\source\repos\visuallinkerscript\src\debug\components\qlinkerscriptsession\editoraction\seditorsetcaretposition.obj
c:\users\nasse\source\repos\visuallinkerscript\src\debug\components\qflatcheckbox\qflatcheckbox.obj
c:\users\nasse\source\repos\visuallinkerscript\src\debug\components\qlinkerscriptsession\customcomponents\qissuestreeview.obj
c:\users\nasse\source\repos\visuallinkerscript\src\debug\components\qmanualsizegrip\qmanualsizegrip.obj
c:\users\nasse\source\repos\visuallinkerscript\src\debug\components\qscintilla\scintilla\lexlib\lexerbase.obj
c:\users\nasse\source\repos\visuallinkerscript\src\debug\components\qscintilla\scintilla\lexlib\lexermodule.obj
c:\users\nasse\source\repos\visuallinkerscript\src\debug\components\qscintilla\scintilla\lexlib\accessor.obj
c:\users\nasse\source\repos\visuallinkerscript\src\debug\components\qscintilla\scintilla\lexlib\wordlist.obj
c:\users\nasse\source\repos\visuallinkerscript\src\debug\components\qscintilla\scintilla\lexlib\charactercategory.obj
c:\users\nasse\source\repos\visuallinkerscript\src\debug\components\qscintilla\scintilla\lexlib\propsetsimple.obj
c:\users\nasse\source\repos\visuallinkerscript\src\debug\components\qscintilla\scintilla\lexlib\defaultlexer.obj
c:\users\nasse\source\repos\visuallinkerscript\src\debug\components\qscintilla\scintilla\lexlib\lexersimple.obj
c:\users\nasse\source\repos\visuallinkerscript\src\debug\components\qscintilla\scintilla\lexlib\stylecontext.obj
c:\users\nasse\source\repos\visuallinkerscript\src\debug\components\qscintilla\scintilla\lexlib\lexernoexceptions.obj
c:\users\nasse\source\repos\visuallinkerscript\src\debug\components\qscintilla\scintilla\lexlib\characterset.obj
c:\users\nasse\source\repos\visuallinkerscript\src\debug\components\qscintilla\scintilla\src\decoration.obj
c:\users\nasse\source\repos\visuallinkerscript\src\debug\components\qscintilla\scintilla\src\selection.obj
c:\users\nasse\source\repos\visuallinkerscript\src\debug\components\qscintilla\scintilla\src\dbcs.obj
c:\users\nasse\source\repos\visuallinkerscript\src\debug\components\qscintilla\scintilla\src\keymap.obj
c:\users\nasse\source\repos\visuallinkerscript\src\debug\components\qscintilla\scintilla\src\runstyles.obj
c:\users\nasse\source\repos\visuallinkerscript\src\debug\components\qscintilla\scintilla\src\editmodel.obj
c:\users\nasse\source\repos\visuallinkerscript\src\debug\components\qscintilla\scintilla\src\uniconversion.obj
c:\users\nasse\source\repos\visuallinkerscript\src\debug\components\qscintilla\scintilla\src\charclassify.obj
c:\users\nasse\source\repos\visuallinkerscript\src\debug\components\qscintilla\scintilla\src\linemarker.obj
c:\users\nasse\source\repos\visuallinkerscript\src\debug\components\qscintilla\scintilla\src\cellbuffer.obj
c:\users\nasse\source\repos\visuallinkerscript\src\debug\components\qscintilla\scintilla\src\xpm.obj
c:\users\nasse\source\repos\visuallinkerscript\src\debug\components\qscintilla\scintilla\src\catalogue.obj
c:\users\nasse\source\repos\visuallinkerscript\src\debug\components\qscintilla\scintilla\src\marginview.obj
c:\users\nasse\source\repos\visuallinkerscript\src\debug\components\qscintilla\scintilla\src\indicator.obj
c:\users\nasse\source\repos\visuallinkerscript\src\debug\components\qscintilla\scintilla\src\editor.obj
c:\users\nasse\source\repos\visuallinkerscript\src\debug\components\qscintilla\scintilla\src\contractionstate.obj
c:\users\nasse\source\repos\visuallinkerscript\src\debug\components\qscintilla\scintilla\src\viewstyle.obj
c:\users\nasse\source\repos\visuallinkerscript\src\debug\components\qscintilla\scintilla\src\casefolder.obj
c:\users\nasse\source\repos\visuallinkerscript\src\debug\components\qscintilla\scintilla\src\perline.obj
c:\users\nasse\source\repos\visuallinkerscript\src\debug\components\qscintilla\scintilla\src\editview.obj
c:\users\nasse\source\repos\visuallinkerscript\src\debug\components\qscintilla\scintilla\src\caseconvert.obj
c:\users\nasse\source\repos\visuallinkerscript\src\debug\components\qscintilla\scintilla\src\positioncache.obj
c:\users\nasse\source\repos\visuallinkerscript\src\debug\components\qscintilla\scintilla\src\document.obj
c:\users\nasse\source\repos\visuallinkerscript\src\debug\components\qscintilla\scintilla\src\calltip.obj
c:\users\nasse\source\repos\visuallinkerscript\src\debug\components\qscintilla\scintilla\src\research.obj
c:\users\nasse\source\repos\visuallinkerscript\src\debug\components\qscintilla\scintilla\src\autocomplete.obj
c:\users\nasse\source\repos\visuallinkerscript\src\debug\components\qscintilla\scintilla\src\style.obj
c:\users\nasse\source\repos\visuallinkerscript\src\debug\components\qscintilla\scintilla\src\externallexer.obj
c:\users\nasse\source\repos\visuallinkerscript\src\debug\components\qscintilla\scintilla\src\scintillabase.obj
c:\users\nasse\source\repos\visuallinkerscript\src\debug\components\qscintilla\vlsscintilla.obj
c:\users\nasse\source\repos\visuallinkerscript\src\debug\components\qscintilla\componenthelpers.obj
c:\users\nasse\source\repos\visuallinkerscript\src\debug\drcengine\cdrcmanager.obj
c:\users\nasse\source\repos\visuallinkerscript\src\debug\drcengine\ccorrectiveaction.obj
c:\users\nasse\source\repos\visuallinkerscript\src\debug\drcengine\edrcviolationcode.obj
c:\users\nasse\source\repos\visuallinkerscript\src\debug\md5\md5.obj
c:\users\nasse\source\repos\visuallinkerscript\src\debug\parsingengine\clinkerscriptlexer.obj
c:\users\nasse\source\repos\visuallinkerscript\src\debug\parsingengine\elexerviolationcode.obj
c:\users\nasse\source\repos\visuallinkerscript\src\debug\parsingengine\eparserviolationcode.obj
c:\users\nasse\source\repos\visuallinkerscript\src\debug\parsingengine\clinkerscriptparser.obj
c:\users\nasse\source\repos\visuallinkerscript\src\debug\parsingengine\subparsers\cinputsectionfunctionexcludefileparser.obj
c:\users\nasse\source\repos\visuallinkerscript\src\debug\parsingengine\subparsers\cexpressionparser.obj
c:\users\nasse\source\repos\visuallinkerscript\src\debug\parsingengine\subparsers\csectionoverlayparser.obj
c:\users\nasse\source\repos\visuallinkerscript\src\debug\parsingengine\subparsers\csubparserbase.obj
c:\users\nasse\source\repos\visuallinkerscript\src\debug\parsingengine\subparsers\cassignmentparser.obj
c:\users\nasse\source\repos\visuallinkerscript\src\debug\parsingengine\subparsers\cinputsectionstatementparser.obj
c:\users\nasse\source\repos\visuallinkerscript\src\debug\parsingengine\subparsers\cinputsectionfunctionkeepparser.obj
c:\users\nasse\source\repos\visuallinkerscript\src\debug\parsingengine\subparsers\constants.obj
c:\users\nasse\source\repos\visuallinkerscript\src\debug\parsingengine\subparsers\cfunctionparser.obj
c:\users\nasse\source\repos\visuallinkerscript\src\debug\parsingengine\subparsers\cphdrsregioncontentparser.obj
c:\users\nasse\source\repos\visuallinkerscript\src\debug\parsingengine\subparsers\subparserhelpers.obj
c:\users\nasse\source\repos\visuallinkerscript\src\debug\parsingengine\subparsers\cassignmentprocedureparser.obj
c:\users\nasse\source\repos\visuallinkerscript\src\debug\parsingengine\subparsers\cversionregioncontentparser.obj
c:\users\nasse\source\repos\visuallinkerscript\src\debug\parsingengine\subparsers\cmemorystatementattributeparser.obj
c:\users\nasse\source\repos\visuallinkerscript\src\debug\parsingengine\subparsers\csectionsregionparser.obj
c:\users\nasse\source\repos\visuallinkerscript\src\debug\parsingengine\subparsers\cinputsectionfunctionsortparser.obj
c:\users\nasse\source\repos\visuallinkerscript\src\debug\parsingengine\subparsers\csectionoutputcommandparser.obj
c:\users\nasse\source\repos\visuallinkerscript\src\debug\parsingengine\subparsers\cmemoryregioncontentparser.obj
c:\users\nasse\source\repos\visuallinkerscript\src\debug\models\cmemoryregion.obj
c:\users\nasse\source\repos\visuallinkerscript\src\debug\models\cassignmentprocedurestatement.obj
c:\users\nasse\source\repos\visuallinkerscript\src\debug\models\cparsedcontentbase.obj
c:\users\nasse\source\repos\visuallinkerscript\src\debug\models\cversionscope.obj
c:\users\nasse\source\repos\visuallinkerscript\src\debug\models\csectionoverlaycommand.obj
c:\users\nasse\source\repos\visuallinkerscript\src\debug\models\cprocedurecall.obj
c:\users\nasse\source\repos\visuallinkerscript\src\debug\models\csectionoutputoverlay.obj
c:\users\nasse\source\repos\visuallinkerscript\src\debug\models\cfunctioncall.obj
c:\users\nasse\source\repos\visuallinkerscript\src\debug\models\cinputsectionstatement.obj
c:\users\nasse\source\repos\visuallinkerscript\src\debug\models\cexpression.obj
c:\users\nasse\source\repos\visuallinkerscript\src\debug\models\clinkerscriptfile.obj
c:\users\nasse\source\repos\visuallinkerscript\src\debug\models\cassignmentstatement.obj
c:\users\nasse\source\repos\visuallinkerscript\src\debug\models\cinputsectionfunction.obj
c:\users\nasse\source\repos\visuallinkerscript\src\debug\models\csectionoutputcommand.obj
c:\users\nasse\source\repos\visuallinkerscript\src\debug\models\cphdrsstatement.obj
c:\users\nasse\source\repos\visuallinkerscript\src\debug\models\cphdrsregion.obj
c:\users\nasse\source\repos\visuallinkerscript\src\debug\models\csectionsregion.obj
c:\users\nasse\source\repos\visuallinkerscript\src\debug\models\cmemorystatement.obj
c:\users\nasse\source\repos\visuallinkerscript\src\debug\drcengine\rules\cmemoryregiondefinedonlyoncerule.obj
c:\users\nasse\source\repos\visuallinkerscript\src\debug\drcengine\rules\cnoduplicatememoryregionnamerule.obj
c:\users\nasse\source\repos\visuallinkerscript\src\debug\drcengine\rules\cdirectivesdeclaredonlyoncerule.obj
c:\users\nasse\source\repos\visuallinkerscript\src\debug\drcengine\rules\cincluderecursionguard.obj
c:\users\nasse\source\repos\visuallinkerscript\src\debug\drcengine\rules\cincludedfilesarepresentrule.obj
c:\users\nasse\source\repos\visuallinkerscript\src\debug\drcengine\rules\csymbolsdefinedinadvancerule.obj
c:\users\nasse\source\repos\visuallinkerscript\src\debug\drcengine\rules\clocationcountercannotgobackwardsrule.obj
c:\users\nasse\source\repos\visuallinkerscript\src\debug\drcengine\rules\centryisdefinedrule.obj
c:\users\nasse\source\repos\visuallinkerscript\src\debug\drcengine\rules\csectionsdefinedonlyoncerule.obj
c:\users\nasse\source\repos\visuallinkerscript\src\debug\mainwindow.obj
c:\users\nasse\source\repos\visuallinkerscript\src\debug\main.obj
c:\users\nasse\source\repos\visuallinkerscript\src\debug\helpers.obj
c:\users\nasse\source\repos\visuallinkerscript\src\debug\components\qscintilla\src\qscicommandset.obj
c:\users\nasse\source\repos\visuallinkerscript\src\debug\components\qscintilla\src\qscilexerlinkerscript.obj
c:\users\nasse\source\repos\visuallinkerscript\src\debug\components\qscintilla\src\qsciscintillabase.obj
c:\users\nasse\source\repos\visuallinkerscript\src\debug\components\qscintilla\src\platqt.obj
c:\users\nasse\source\repos\visuallinkerscript\src\debug\components\qscintilla\src\qsciabstractapis.obj
c:\users\nasse\source\repos\visuallinkerscript\src\debug\components\qscintilla\src\qscistyle.obj
c:\users\nasse\source\repos\visuallinkerscript\src\debug\components\qscintilla\src\macpasteboardmime.obj
c:\users\nasse\source\repos\visuallinkerscript\src\debug\components\qscintilla\src\qsciprinter.obj
c:\users\nasse\source\repos\visuallinkerscript\src\debug\components\qscintilla\src\sciaccessibility.obj
c:\users\nasse\source\repos\visuallinkerscript\src\debug\components\qscintilla\src\inputmethod.obj
c:\users\nasse\source\repos\visuallinkerscript\src\debug\components\qscintilla\src\listboxqt.obj
c:\users\nasse\source\repos\visuallinkerscript\src\debug\components\qscintilla\src\qsciapis.obj
c:\users\nasse\source\repos\visuallinkerscript\src\debug\components\qscintilla\src\qscilexercpp.obj
c:\users\nasse\source\repos\visuallinkerscript\src\debug\components\qscintilla\src\qsciscintilla.obj
c:\users\nasse\source\repos\visuallinkerscript\src\debug\components\qscintilla\src\qscicommand.obj
c:\users\nasse\source\repos\visuallinkerscript\src\debug\components\qscintilla\src\qscidocument.obj
c:\users\nasse\source\repos\visuallinkerscript\src\debug\components\qscintilla\src\qscistyledtext.obj
c:\users\nasse\source\repos\visuallinkerscript\src\debug\components\qscintilla\src\qscimacro.obj
c:\users\nasse\source\repos\visuallinkerscript\src\debug\components\qscintilla\src\qscilexer.obj
c:\users\nasse\source\repos\visuallinkerscript\src\debug\components\qscintilla\src\scintillaqt.obj
c:\users\nasse\source\repos\visuallinkerscript\src\debug\components\qscintilla\src\sciclasses.obj
c:\users\nasse\source\repos\visuallinkerscript\src\debug\components\qscintilla\scintilla\lexers\lexlinkerscript.obj
c:\users\nasse\source\repos\visuallinkerscript\src\debug\components\qscintilla\scintilla\lexers\lexcpp.obj
c:\users\nasse\source\repos\visuallinkerscript\src\debug\components\qchrometab\qchrometabwidget.obj
c:\users\nasse\source\repos\visuallinkerscript\src\debug\components\qchrometab\qchrometabbutton.obj
c:\users\nasse\source\repos\visuallinkerscript\src\debug\linkerscriptmanager\qlinkerscriptmanager.obj
c:\users\nasse\source\repos\visuallinkerscript\src\debug\components\qlinkerscriptsession\qlinkerscriptsession.obj
c:\users\nasse\source\repos\visuallinkerscript\src\debug\components\qsearchpopup\qsearchpopup.obj
c:\users\nasse\source\repos\visuallinkerscript\src\debug\qrc_resources.obj
c:\users\nasse\source\repos\visuallinkerscript\src\debug\moc_qlinkerscriptsession.obj
c:\users\nasse\source\repos\visuallinkerscript\src\debug\moc_qchrometabwidget.obj
c:\users\nasse\source\repos\visuallinkerscript\src\debug\moc_mainwindow.obj
c:\users\nasse\source\repos\visuallinkerscript\src\debug\moc_qscilexerlinkerscript.obj
c:\users\nasse\source\repos\visuallinkerscript\src\debug\moc_qmemorylayoutrender.obj
c:\users\nasse\source\repos\visuallinkerscript\src\debug\moc_qflatcheckbox.obj
c:\users\nasse\source\repos\visuallinkerscript\src\debug\moc_sciclasses.obj
c:\users\nasse\source\repos\visuallinkerscript\src\debug\moc_qscilexercpp.obj
c:\users\nasse\source\repos\visuallinkerscript\src\debug\centryisdefinedruletests.obj
c:\users\nasse\source\repos\visuallinkerscript\src\debug\moc_qmanualsizegrip.obj
c:\users\nasse\source\repos\visuallinkerscript\src\debug\moc_qpercentagelineedit.obj
c:\users\nasse\source\repos\visuallinkerscript\src\debug\moc_qsciapis.obj
c:\users\nasse\source\repos\visuallinkerscript\src\debug\moc_qlinkerscriptmanager.obj
c:\users\nasse\source\repos\visuallinkerscript\src\debug\moc_qsearchpopup.obj
c:\users\nasse\source\repos\visuallinkerscript\src\debug\moc_scintillaqt.obj
c:\users\nasse\source\repos\visuallinkerscript\src\debug\moc_qsciabstractapis.obj
c:\users\nasse\source\repos\visuallinkerscript\src\debug\moc_qsciscintillabase.obj
c:\users\nasse\source\repos\visuallinkerscript\src\debug\moc_qlabelassistedinput.obj
c:\users\nasse\source\repos\visuallinkerscript\src\debug\moc_qchrometabbutton.obj
c:\users\nasse\source\repos\visuallinkerscript\src\debug\moc_qissuestreeview.obj
c:\users\nasse\source\repos\visuallinkerscript\src\debug\moc_qscimacro.obj
c:\users\nasse\source\repos\visuallinkerscript\src\debug\moc_qjumptolinedialog.obj
c:\users\nasse\source\repos\visuallinkerscript\src\debug\moc_qscilexer.obj
c:\users\nasse\source\repos\visuallinkerscript\src\debug\moc_qsciscintilla.obj
c:\users\nasse\source\repos\visuallinkerscript\src\debug\moc_qmemoryvisualizer.obj
c:\users\nasse\source\repos\visuallinkerscript\src\debug\moc_qflatcheckbox.cpp
c:\users\nasse\source\repos\visuallinkerscript\src\debug\moc_qlabelassistedinput.cpp
c:\users\nasse\source\repos\visuallinkerscript\src\debug\moc_qjumptolinedialog.cpp
c:\users\nasse\source\repos\visuallinkerscript\src\debug\moc_qmemorylayoutrender.cpp
c:\users\nasse\source\repos\visuallinkerscript\src\debug\moc_qpercentagelineedit.cpp
c:\users\nasse\source\repos\visuallinkerscript\src\debug\moc_qmanualsizegrip.cpp
c:\users\nasse\source\repos\visuallinkerscript\src\debug\moc_qissuestreeview.cpp
c:\users\nasse\source\repos\visuallinkerscript\src\debug\moc_mainwindow.cpp
c:\users\nasse\source\repos\visuallinkerscript\src\debug\moc_qchrometabbutton.cpp
c:\users\nasse\source\repos\visuallinkerscript\src\debug\moc_qchrometabwidget.cpp
c:\users\nasse\source\repos\visuallinkerscript\src\debug\moc_qlinkerscriptmanager.cpp
c:\users\nasse\source\repos\visuallinkerscript\src\debug\moc_qlinkerscriptsession.cpp
c:\users\nasse\source\repos\visuallinkerscript\src\debug\moc_qmemoryvisualizer.cpp
c:\users\nasse\source\repos\visuallinkerscript\src\debug\moc_qsearchpopup.cpp
c:\users\nasse\source\repos\visuallinkerscript\src\debug\moc_sciclasses.cpp
c:\users\nasse\source\repos\visuallinkerscript\src\debug\moc_scintillaqt.cpp
c:\users\nasse\source\repos\visuallinkerscript\src\debug\moc_qsciabstractapis.cpp
c:\users\nasse\source\repos\visuallinkerscript\src\debug\moc_qsciapis.cpp
c:\users\nasse\source\repos\visuallinkerscript\src\debug\moc_qscilexer.cpp
c:\users\nasse\source\repos\visuallinkerscript\src\debug\moc_qscilexercpp.cpp
c:\users\nasse\source\repos\visuallinkerscript\src\debug\moc_qscilexerlinkerscript.cpp
c:\users\nasse\source\repos\visuallinkerscript\src\debug\moc_qscimacro.cpp
c:\users\nasse\source\repos\visuallinkerscript\src\debug\moc_qsciscintilla.cpp
c:\users\nasse\source\repos\visuallinkerscript\src\debug\moc_qsciscintillabase.cpp
c:\users\nasse\source\repos\visuallinkerscript\src\debug\qrc_resources.cpp
c:\users\nasse\source\repos\visuallinkerscript\src\ui_mainwindow.h
c:\users\nasse\source\repos\visuallinkerscript\src\debug\centryisdefinedruletests.moc
c:\users\nasse\source\repos\visuallinkerscript\src\debug\visuallinkerscript.pdb
c:\users\nasse\source\repos\visuallinkerscript\src\debug\visualli.4f41248d.tlog\cl.command.1.tlog
c:\users\nasse\source\repos\visuallinkerscript\src\debug\visualli.4f41248d.tlog\cl.read.1.tlog
c:\users\nasse\source\repos\visuallinkerscript\src\debug\visualli.4f41248d.tlog\cl.write.1.tlog
c:\users\nasse\source\repos\visuallinkerscript\src\debug\visualli.4f41248d.tlog\link-cvtres.read.1.tlog
c:\users\nasse\source\repos\visuallinkerscript\src\debug\visualli.4f41248d.tlog\link-cvtres.write.1.tlog
c:\users\nasse\source\repos\visuallinkerscript\src\debug\visualli.4f41248d.tlog\link-rc.read.1.tlog
c:\users\nasse\source\repos\visuallinkerscript\src\debug\visualli.4f41248d.tlog\link-rc.write.1.tlog
c:\users\nasse\source\repos\visuallinkerscript\src\debug\visualli.4f41248d.tlog\link.command.1.tlog
c:\users\nasse\source\repos\visuallinkerscript\src\debug\visualli.4f41248d.tlog\link.read.1.tlog
c:\users\nasse\source\repos\visuallinkerscript\src\debug\visualli.4f41248d.tlog\link.read.2.tlog
c:\users\nasse\source\repos\visuallinkerscript\src\debug\visualli.4f41248d.tlog\link.read.3.tlog
c:\users\nasse\source\repos\visuallinkerscript\src\debug\visualli.4f41248d.tlog\link.read.4.tlog
c:\users\nasse\source\repos\visuallinkerscript\src\debug\visualli.4f41248d.tlog\link.write.1.tlog
c:\users\nasse\source\repos\visuallinkerscript\src\debug\visualli.4f41248d.tlog\moc.read.1u.tlog
c:\users\nasse\source\repos\visuallinkerscript\src\debug\visualli.4f41248d.tlog\moc.write.1u.tlog
c:\users\nasse\source\repos\visuallinkerscript\src\debug\visualli.4f41248d.tlog\rcc.read.1u.tlog
c:\users\nasse\source\repos\visuallinkerscript\src\debug\visualli.4f41248d.tlog\rcc.write.1u.tlog
c:\users\nasse\source\repos\visuallinkerscript\src\debug\visualli.4f41248d.tlog\uic.read.1u.tlog
c:\users\nasse\source\repos\visuallinkerscript\src\debug\visualli.4f41248d.tlog\uic.write.1u.tlog
c:\users\nasse\source\repos\visuallinkerscript\src\debug\visualli.4f41248d.tlog\visuallinkerscript.write.1u.tlog
